2026-04-30T18:14:04.686Z | admin | test-admin-save.html | backup: C:\Users\astur\Desktop\divina-misericordia-app\backups\20260430-181404-test-admin-save.html
2026-04-30T18:14:04.686Z | GIT ERROR: The following paths are ignored by one of your .gitignore files:
logs
hint: Use -f if you really want to add them.
hint: Disable this message with "git config set advice.addIgnoredFile false"

2026-04-30T18:20:36.165Z | admin | test-admin-save.html | backup: C:\Users\astur\Desktop\divina-misericordia-app\backups\20260430-182036-test-admin-save.html
2026-04-30T18:20:36.165Z | GIT ERROR: The following paths are ignored by one of your .gitignore files:
logs
hint: Use -f if you really want to add them.
hint: Disable this message with "git config set advice.addIgnoredFile false"

2026-04-30T18:21:20.240Z | admin | test-admin-save.html | backup: C:\Users\astur\Desktop\divina-misericordia-app\backups\20260430-182120-test-admin-save.html
2026-04-30T18:21:20.240Z | GIT ERROR: The following paths are ignored by one of your .gitignore files:
logs
hint: Use -f if you really want to add them.
hint: Disable this message with "git config set advice.addIgnoredFile false"

2026-04-30T18:21:59.283Z | admin | test-admin-save.html | backup: C:\Users\astur\Desktop\divina-misericordia-app\backups\20260430-182159-test-admin-save.html
2026-04-30T18:21:59.283Z | GIT ERROR: The following paths are ignored by one of your .gitignore files:
logs
hint: Use -f if you really want to add them.
hint: Disable this message with "git config set advice.addIgnoredFile false"

2026-04-30T18:25:28.798Z | admin | test-admin-save.html | backup: C:\Users\astur\Desktop\divina-misericordia-app\backups\20260430-182528-test-admin-save.html
2026-04-30T18:25:28.798Z | GIT ERROR: The following paths are ignored by one of your .gitignore files:
logs
hint: Use -f if you really want to add them.
hint: Disable this message with "git config set advice.addIgnoredFile false"

2026-04-30T18:26:08.484Z | admin | test-admin-save.html | backup: C:\Users\astur\Desktop\divina-misericordia-app\backups\20260430-182608-test-admin-save.html
2026-04-30T18:26:08.484Z | GIT ERROR: The following paths are ignored by one of your .gitignore files:
logs
hint: Use -f if you really want to add them.
hint: Disable this message with "git config set advice.addIgnoredFile false"

2026-05-01T07:34:22.549Z | admin | test-admin-save.html | backup: C:\Users\astur\Desktop\divina-misericordia-app\backups\20260501-073422-test-admin-save.html
